<?xml version="1.0" encoding="UTF-8"?>
<testsuite name="com.petscare.tests.LoginTests" tests="1" skipped="0" failures="0" errors="0" timestamp="2025-02-01T16:11:17" hostname="Mac.fritz.box" time="0.472">
  <properties/>
  <testcase name="userLoginPositiveTest[0](pereira12345@gmail.com, Pereira123!)" classname="com.petscare.tests.LoginTests" time="0.472"/>
  <system-out><![CDATA[17:11:17.616 [Test worker] INFO  com.petscare.tests.TestBase -- Start test: userLoginPositiveTest
17:11:17.618 [Test worker] INFO  com.petscare.pages.utils.MyListener -- *************************************************
17:11:17.618 [Test worker] INFO  com.petscare.pages.utils.MyListener -- The locator will find: By.cssSelector: [href='#/login']
17:11:17.620 [Test worker] INFO  com.petscare.pages.utils.MyListener -- Current URL: https://pets-care-u2srs.ondigitalocean.app/
17:11:17.621 [Test worker] INFO  com.petscare.pages.utils.MyListener -- *************************************************
17:11:17.628 [Test worker] INFO  com.petscare.pages.utils.MyListener -- *************************************************
17:11:17.636 [Test worker] INFO  com.petscare.pages.utils.MyListener -- Found element with tag: a, ID: , Class: fancy-button
17:11:17.636 [Test worker] INFO  com.petscare.pages.utils.MyListener -- *************************************************
17:11:17.658 [Test worker] INFO  com.petscare.pages.utils.MyListener -- *************************************************
17:11:17.658 [Test worker] INFO  com.petscare.pages.utils.MyListener -- The locator will find: By.xpath: //input[@id='email']
17:11:17.662 [Test worker] INFO  com.petscare.pages.utils.MyListener -- Current URL: https://pets-care-u2srs.ondigitalocean.app/#/login
17:11:17.662 [Test worker] INFO  com.petscare.pages.utils.MyListener -- *************************************************
17:11:17.670 [Test worker] INFO  com.petscare.pages.utils.MyListener -- *************************************************
17:11:17.676 [Test worker] INFO  com.petscare.pages.utils.MyListener -- Found element with tag: input, ID: email, Class: w-full p-2 border border-gray-300 rounded
17:11:17.676 [Test worker] INFO  com.petscare.pages.utils.MyListener -- *************************************************
17:11:17.698 [Test worker] INFO  com.petscare.pages.utils.MyListener -- *************************************************
17:11:17.699 [Test worker] INFO  com.petscare.pages.utils.MyListener -- The locator will find: By.xpath: //input[@id='email']
17:11:17.700 [Test worker] INFO  com.petscare.pages.utils.MyListener -- Current URL: https://pets-care-u2srs.ondigitalocean.app/#/login
17:11:17.700 [Test worker] INFO  com.petscare.pages.utils.MyListener -- *************************************************
17:11:17.705 [Test worker] INFO  com.petscare.pages.utils.MyListener -- *************************************************
17:11:17.713 [Test worker] INFO  com.petscare.pages.utils.MyListener -- Found element with tag: input, ID: email, Class: w-full p-2 border border-gray-300 rounded
17:11:17.714 [Test worker] INFO  com.petscare.pages.utils.MyListener -- *************************************************
17:11:17.723 [Test worker] INFO  com.petscare.pages.utils.MyListener -- *************************************************
17:11:17.727 [Test worker] INFO  com.petscare.pages.utils.MyListener -- The locator will find: By.xpath: //input[@id='email']
17:11:17.728 [Test worker] INFO  com.petscare.pages.utils.MyListener -- Current URL: https://pets-care-u2srs.ondigitalocean.app/#/login
17:11:17.731 [Test worker] INFO  com.petscare.pages.utils.MyListener -- *************************************************
17:11:17.736 [Test worker] INFO  com.petscare.pages.utils.MyListener -- *************************************************
17:11:17.744 [Test worker] INFO  com.petscare.pages.utils.MyListener -- Found element with tag: input, ID: email, Class: w-full p-2 border border-gray-300 rounded
17:11:17.747 [Test worker] INFO  com.petscare.pages.utils.MyListener -- *************************************************
17:11:17.782 [Test worker] INFO  com.petscare.pages.utils.MyListener -- *************************************************
17:11:17.782 [Test worker] INFO  com.petscare.pages.utils.MyListener -- The locator will find: By.xpath: //input[@id='password']
17:11:17.784 [Test worker] INFO  com.petscare.pages.utils.MyListener -- Current URL: https://pets-care-u2srs.ondigitalocean.app/#/login
17:11:17.784 [Test worker] INFO  com.petscare.pages.utils.MyListener -- *************************************************
17:11:17.790 [Test worker] INFO  com.petscare.pages.utils.MyListener -- *************************************************
17:11:17.796 [Test worker] INFO  com.petscare.pages.utils.MyListener -- Found element with tag: input, ID: password, Class: w-full p-2 border border-gray-300 rounded
17:11:17.796 [Test worker] INFO  com.petscare.pages.utils.MyListener -- *************************************************
17:11:17.811 [Test worker] INFO  com.petscare.pages.utils.MyListener -- *************************************************
17:11:17.811 [Test worker] INFO  com.petscare.pages.utils.MyListener -- The locator will find: By.xpath: //input[@id='password']
17:11:17.813 [Test worker] INFO  com.petscare.pages.utils.MyListener -- Current URL: https://pets-care-u2srs.ondigitalocean.app/#/login
17:11:17.813 [Test worker] INFO  com.petscare.pages.utils.MyListener -- *************************************************
17:11:17.817 [Test worker] INFO  com.petscare.pages.utils.MyListener -- *************************************************
17:11:17.823 [Test worker] INFO  com.petscare.pages.utils.MyListener -- Found element with tag: input, ID: password, Class: w-full p-2 border border-gray-300 rounded
17:11:17.823 [Test worker] INFO  com.petscare.pages.utils.MyListener -- *************************************************
17:11:17.829 [Test worker] INFO  com.petscare.pages.utils.MyListener -- *************************************************
17:11:17.829 [Test worker] INFO  com.petscare.pages.utils.MyListener -- The locator will find: By.xpath: //input[@id='password']
17:11:17.831 [Test worker] INFO  com.petscare.pages.utils.MyListener -- Current URL: https://pets-care-u2srs.ondigitalocean.app/#/login
17:11:17.831 [Test worker] INFO  com.petscare.pages.utils.MyListener -- *************************************************
17:11:17.835 [Test worker] INFO  com.petscare.pages.utils.MyListener -- *************************************************
17:11:17.840 [Test worker] INFO  com.petscare.pages.utils.MyListener -- Found element with tag: input, ID: password, Class: w-full p-2 border border-gray-300 rounded
17:11:17.840 [Test worker] INFO  com.petscare.pages.utils.MyListener -- *************************************************
17:11:17.851 [Test worker] INFO  com.petscare.pages.utils.MyListener -- *************************************************
17:11:17.851 [Test worker] INFO  com.petscare.pages.utils.MyListener -- The locator will find: By.xpath: //button[contains(text(),'Sign in')]
17:11:17.852 [Test worker] INFO  com.petscare.pages.utils.MyListener -- Current URL: https://pets-care-u2srs.ondigitalocean.app/#/login
17:11:17.852 [Test worker] INFO  com.petscare.pages.utils.MyListener -- *************************************************
17:11:17.859 [Test worker] INFO  com.petscare.pages.utils.MyListener -- *************************************************
17:11:17.865 [Test worker] INFO  com.petscare.pages.utils.MyListener -- Found element with tag: button, ID: , Class: w-full fancy-button
17:11:17.865 [Test worker] INFO  com.petscare.pages.utils.MyListener -- *************************************************
17:11:17.884 [Test worker] INFO  com.petscare.pages.utils.MyListener -- *************************************************
17:11:17.884 [Test worker] INFO  com.petscare.pages.utils.MyListener -- The locator will find: By.xpath: //h3[contains(text(),'My Personal Data')]
17:11:17.886 [Test worker] INFO  com.petscare.pages.utils.MyListener -- Current URL: https://pets-care-u2srs.ondigitalocean.app/#/login
17:11:17.886 [Test worker] INFO  com.petscare.pages.utils.MyListener -- *************************************************
17:11:18.118 [Test worker] INFO  com.petscare.pages.utils.MyListener -- *************************************************
17:11:18.124 [Test worker] INFO  com.petscare.pages.utils.MyListener -- Found element with tag: h3, ID: , Class: text-2xl font-bold mb-4
17:11:18.124 [Test worker] INFO  com.petscare.pages.utils.MyListener -- *************************************************
]]></system-out>
  <system-err><![CDATA[февр. 01, 2025 5:11:16 PM org.openqa.selenium.manager.SeleniumManager lambda$runCommand$1
WARNING: The chromedriver version (131.0.6778.69) detected in PATH at /Users/monk/Tools/chromedriver might not be compatible with the detected chrome version (132.0.6834.160); currently, chromedriver 132.0.6834.159 is recommended for chrome 132.*, so it is advised to delete the driver in PATH and retry
февр. 01, 2025 5:11:16 PM org.openqa.selenium.devtools.CdpVersionFinder findNearestMatch
WARNING: Unable to find an exact match for CDP version 132, returning the closest version; found: 130; Please update to a Selenium version that supports CDP version 132
]]></system-err>
</testsuite>
